2023-08-09 11:04:55,277 INFO  [main] com.example.javamarketdemo.JavaMarketDemoApplication : Starting JavaMarketDemoApplication using Java 19.0.2 with PID 94839 (/Users/edauir/Desktop/projects/java-market-demo/build/classes/java/main started by edauir in /Users/edauir/Desktop/projects/java-market-demo)
2023-08-09 11:04:55,292 INFO  [main] com.example.javamarketdemo.JavaMarketDemoApplication : No active profile set, falling back to 1 default profile: "default"
2023-08-09 11:04:56,666 INFO  [main] org.springframework.data.repository.config.RepositoryConfigurationDelegate : Bootstrapping Spring Data JPA repositories in DEFAULT mode.
2023-08-09 11:04:56,758 INFO  [main] org.springframework.data.repository.config.RepositoryConfigurationDelegate : Finished Spring Data repository scanning in 82 ms. Found 1 JPA repository interfaces.
2023-08-09 11:04:57,751 INFO  [main] org.springframework.boot.web.embedded.tomcat.TomcatWebServer : Tomcat initialized with port(s): 8080 (http)
2023-08-09 11:04:57,764 INFO  [main] org.apache.catalina.core.StandardService : Starting service [Tomcat]
2023-08-09 11:04:57,764 INFO  [main] org.apache.catalina.core.StandardEngine : Starting Servlet engine: [Apache Tomcat/10.1.11]
2023-08-09 11:04:57,891 INFO  [main] org.apache.catalina.core.ContainerBase.[Tomcat].[localhost].[/] : Initializing Spring embedded WebApplicationContext
2023-08-09 11:04:57,892 INFO  [main] org.springframework.boot.web.servlet.context.ServletWebServerApplicationContext : Root WebApplicationContext: initialization completed in 2489 ms
2023-08-09 11:04:58,149 INFO  [main] org.flywaydb.core.internal.license.VersionPrinter : Flyway Community Edition 9.16.3 by Redgate
2023-08-09 11:04:58,149 INFO  [main] org.flywaydb.core.internal.license.VersionPrinter : See release notes here: https://rd.gt/416ObMi
2023-08-09 11:04:58,149 INFO  [main] org.flywaydb.core.internal.license.VersionPrinter : 
2023-08-09 11:04:58,161 INFO  [main] com.zaxxer.hikari.HikariDataSource : HikariPool-1 - Starting...
2023-08-09 11:04:58,423 INFO  [main] com.zaxxer.hikari.pool.HikariPool : HikariPool-1 - Added connection org.postgresql.jdbc.PgConnection@21e5f0b6
2023-08-09 11:04:58,424 INFO  [main] com.zaxxer.hikari.HikariDataSource : HikariPool-1 - Start completed.
2023-08-09 11:04:58,446 INFO  [main] org.flywaydb.core.internal.database.base.BaseDatabaseType : Database: jdbc:postgresql://localhost:5432/db (PostgreSQL 15.3)
2023-08-09 11:04:58,493 INFO  [main] org.flywaydb.core.internal.schemahistory.JdbcTableSchemaHistory : Schema history table "public"."flyway_schema_history" does not exist yet
2023-08-09 11:04:58,497 INFO  [main] org.flywaydb.core.internal.command.DbValidate : Successfully validated 2 migrations (execution time 00:00.021s)
2023-08-09 11:04:58,540 INFO  [main] org.flywaydb.core.internal.schemahistory.JdbcTableSchemaHistory : Creating Schema History table "public"."flyway_schema_history" ...
2023-08-09 11:04:58,654 INFO  [main] org.flywaydb.core.internal.command.DbMigrate : Current version of schema "public": << Empty Schema >>
2023-08-09 11:04:58,683 INFO  [main] org.flywaydb.core.internal.command.DbMigrate : Migrating schema "public" to version "1.0.0 - creating extension uuid-ossp"
2023-08-09 11:04:58,755 INFO  [main] org.flywaydb.core.internal.command.DbMigrate : Migrating schema "public" to version "1.0.1 - creating good table"
2023-08-09 11:04:58,791 INFO  [main] org.flywaydb.core.internal.command.DbMigrate : Successfully applied 2 migrations to schema "public", now at version v1.0.1 (execution time 00:00.165s)
2023-08-09 11:04:59,085 INFO  [main] org.hibernate.jpa.internal.util.LogHelper : HHH000204: Processing PersistenceUnitInfo [name: default]
2023-08-09 11:04:59,129 INFO  [main] org.hibernate.Version : HHH000412: Hibernate ORM core version 6.2.6.Final
2023-08-09 11:04:59,131 INFO  [main] org.hibernate.cfg.Environment : HHH000406: Using bytecode reflection optimizer
2023-08-09 11:04:59,246 INFO  [main] org.hibernate.bytecode.internal.BytecodeProviderInitiator : HHH000021: Bytecode provider name : bytebuddy
2023-08-09 11:04:59,385 INFO  [main] org.springframework.orm.jpa.persistenceunit.SpringPersistenceUnitInfo : No LoadTimeWeaver setup: ignoring JPA class transformer
2023-08-09 11:04:59,581 INFO  [main] org.hibernate.bytecode.internal.BytecodeProviderInitiator : HHH000021: Bytecode provider name : bytebuddy
2023-08-09 11:05:00,215 INFO  [main] org.hibernate.engine.transaction.jta.platform.internal.JtaPlatformInitiator : HHH000490: Using JtaPlatform implementation: [org.hibernate.engine.transaction.jta.platform.internal.NoJtaPlatform]
2023-08-09 11:05:00,218 INFO  [main] org.springframework.orm.jpa.LocalContainerEntityManagerFactoryBean : Initialized JPA EntityManagerFactory for persistence unit 'default'
2023-08-09 11:05:00,850 WARN  [main] org.springframework.boot.autoconfigure.orm.jpa.JpaBaseConfiguration$JpaWebConfiguration : spring.jpa.open-in-view is enabled by default. Therefore, database queries may be performed during view rendering. Explicitly configure spring.jpa.open-in-view to disable this warning
2023-08-09 11:05:01,646 WARN  [main] org.springframework.boot.autoconfigure.security.servlet.UserDetailsServiceAutoConfiguration : 

Using generated security password: 3a47f936-27d4-4445-b7ae-9af32980fc42

This generated password is for development use only. Your security configuration must be updated before running your application in production.

2023-08-09 11:05:01,761 INFO  [main] org.springframework.security.web.DefaultSecurityFilterChain : Will secure any request with [org.springframework.security.web.session.DisableEncodeUrlFilter@3100b5cf, org.springframework.security.web.context.request.async.WebAsyncManagerIntegrationFilter@7baea18b, org.springframework.security.web.context.SecurityContextHolderFilter@59f5a376, org.springframework.security.web.header.HeaderWriterFilter@f69e35a, org.springframework.security.web.csrf.CsrfFilter@74471600, org.springframework.security.web.authentication.logout.LogoutFilter@44d36b56, org.springframework.security.web.authentication.UsernamePasswordAuthenticationFilter@16a78700, org.springframework.security.web.authentication.ui.DefaultLoginPageGeneratingFilter@65528bcf, org.springframework.security.web.authentication.ui.DefaultLogoutPageGeneratingFilter@5ad13be4, org.springframework.security.web.authentication.www.BasicAuthenticationFilter@4d50f682, org.springframework.security.web.savedrequest.RequestCacheAwareFilter@1dfd3635, org.springframework.security.web.servletapi.SecurityContextHolderAwareRequestFilter@209f0986, org.springframework.security.web.authentication.AnonymousAuthenticationFilter@2e93f91d, org.springframework.security.web.access.ExceptionTranslationFilter@589a82af, org.springframework.security.web.access.intercept.AuthorizationFilter@14b0b7f9]
2023-08-09 11:05:01,846 INFO  [main] org.springframework.boot.web.embedded.tomcat.TomcatWebServer : Tomcat started on port(s): 8080 (http) with context path ''
2023-08-09 11:05:01,868 INFO  [main] com.example.javamarketdemo.JavaMarketDemoApplication : Started JavaMarketDemoApplication in 7.349 seconds (process running for 13.492)
2023-08-09 11:05:24,441 INFO  [http-nio-8080-exec-1] org.apache.catalina.core.ContainerBase.[Tomcat].[localhost].[/] : Initializing Spring DispatcherServlet 'dispatcherServlet'
2023-08-09 11:05:24,442 INFO  [http-nio-8080-exec-1] org.springframework.web.servlet.DispatcherServlet : Initializing Servlet 'dispatcherServlet'
2023-08-09 11:05:24,447 INFO  [http-nio-8080-exec-1] org.springframework.web.servlet.DispatcherServlet : Completed initialization in 4 ms
2023-08-09 13:10:18,862 WARN  [HikariPool-1 housekeeper] com.zaxxer.hikari.pool.HikariPool : HikariPool-1 - Thread starvation or clock leap detected (housekeeper delta=29m49s421ms).
2023-08-09 13:16:18,433 WARN  [HikariPool-1 housekeeper] com.zaxxer.hikari.pool.HikariPool : HikariPool-1 - Thread starvation or clock leap detected (housekeeper delta=1m29s503ms).
2023-08-09 14:16:43,429 INFO  [http-nio-8080-exec-5] org.apache.kafka.clients.producer.ProducerConfig : ProducerConfig values: 
	acks = -1
	auto.include.jmx.reporter = true
	batch.size = 16384
	bootstrap.servers = [localhost:9092]
	buffer.memory = 33554432
	client.dns.lookup = use_all_dns_ips
	client.id = producer-1
	compression.type = none
	connections.max.idle.ms = 540000
	delivery.timeout.ms = 120000
	enable.idempotence = true
	interceptor.classes = []
	key.serializer = class org.apache.kafka.common.serialization.StringSerializer
	linger.ms = 0
	max.block.ms = 60000
	max.in.flight.requests.per.connection = 5
	max.request.size = 1048576
	metadata.max.age.ms = 300000
	metadata.max.idle.ms = 300000
	metric.reporters = []
	metrics.num.samples = 2
	metrics.recording.level = INFO
	metrics.sample.window.ms = 30000
	partitioner.adaptive.partitioning.enable = true
	partitioner.availability.timeout.ms = 0
	partitioner.class = null
	partitioner.ignore.keys = false
	receive.buffer.bytes = 32768
	reconnect.backoff.max.ms = 1000
	reconnect.backoff.ms = 50
	request.timeout.ms = 30000
	retries = 2147483647
	retry.backoff.ms = 100
	sasl.client.callback.handler.class = null
	sasl.jaas.config = null
	sasl.kerberos.kinit.cmd = /usr/bin/kinit
	sasl.kerberos.min.time.before.relogin = 60000
	sasl.kerberos.service.name = null
	sasl.kerberos.ticket.renew.jitter = 0.05
	sasl.kerberos.ticket.renew.window.factor = 0.8
	sasl.login.callback.handler.class = null
	sasl.login.class = null
	sasl.login.connect.timeout.ms = null
	sasl.login.read.timeout.ms = null
	sasl.login.refresh.buffer.seconds = 300
	sasl.login.refresh.min.period.seconds = 60
	sasl.login.refresh.window.factor = 0.8
	sasl.login.refresh.window.jitter = 0.05
	sasl.login.retry.backoff.max.ms = 10000
	sasl.login.retry.backoff.ms = 100
	sasl.mechanism = GSSAPI
	sasl.oauthbearer.clock.skew.seconds = 30
	sasl.oauthbearer.expected.audience = null
	sasl.oauthbearer.expected.issuer = null
	sasl.oauthbearer.jwks.endpoint.refresh.ms = 3600000
	sasl.oauthbearer.jwks.endpoint.retry.backoff.max.ms = 10000
	sasl.oauthbearer.jwks.endpoint.retry.backoff.ms = 100
	sasl.oauthbearer.jwks.endpoint.url = null
	sasl.oauthbearer.scope.claim.name = scope
	sasl.oauthbearer.sub.claim.name = sub
	sasl.oauthbearer.token.endpoint.url = null
	security.protocol = PLAINTEXT
	security.providers = null
	send.buffer.bytes = 131072
	socket.connection.setup.timeout.max.ms = 30000
	socket.connection.setup.timeout.ms = 10000
	ssl.cipher.suites = null
	ssl.enabled.protocols = [TLSv1.2, TLSv1.3]
	ssl.endpoint.identification.algorithm = https
	ssl.engine.factory.class = null
	ssl.key.password = null
	ssl.keymanager.algorithm = SunX509
	ssl.keystore.certificate.chain = null
	ssl.keystore.key = null
	ssl.keystore.location = null
	ssl.keystore.password = null
	ssl.keystore.type = JKS
	ssl.protocol = TLSv1.3
	ssl.provider = null
	ssl.secure.random.implementation = null
	ssl.trustmanager.algorithm = PKIX
	ssl.truststore.certificates = null
	ssl.truststore.location = null
	ssl.truststore.password = null
	ssl.truststore.type = JKS
	transaction.timeout.ms = 60000
	transactional.id = null
	value.serializer = class org.apache.kafka.common.serialization.StringSerializer

2023-08-09 14:16:43,502 INFO  [http-nio-8080-exec-5] org.apache.kafka.clients.producer.KafkaProducer : [Producer clientId=producer-1] Instantiated an idempotent producer.
2023-08-09 14:16:43,575 INFO  [http-nio-8080-exec-5] org.apache.kafka.common.utils.AppInfoParser : Kafka version: 3.4.1
2023-08-09 14:16:43,576 INFO  [http-nio-8080-exec-5] org.apache.kafka.common.utils.AppInfoParser : Kafka commitId: 8a516edc2755df89
2023-08-09 14:16:43,576 INFO  [http-nio-8080-exec-5] org.apache.kafka.common.utils.AppInfoParser : Kafka startTimeMs: 1691572603568
2023-08-09 14:16:44,649 WARN  [kafka-producer-network-thread | producer-1] org.apache.kafka.clients.NetworkClient : [Producer clientId=producer-1] Error while fetching metadata with correlation id 1 : {basic-topic=LEADER_NOT_AVAILABLE}
2023-08-09 14:16:44,652 INFO  [kafka-producer-network-thread | producer-1] org.apache.kafka.clients.Metadata : [Producer clientId=producer-1] Cluster ID: fuKHuFE0SI6kOlHmkBAErg
2023-08-09 14:16:44,683 INFO  [kafka-producer-network-thread | producer-1] org.apache.kafka.clients.producer.internals.TransactionManager : [Producer clientId=producer-1] ProducerId set to 0 with epoch 0
2023-08-09 14:16:44,758 WARN  [kafka-producer-network-thread | producer-1] org.apache.kafka.clients.NetworkClient : [Producer clientId=producer-1] Error while fetching metadata with correlation id 4 : {basic-topic=LEADER_NOT_AVAILABLE}
2023-08-09 14:16:44,864 WARN  [kafka-producer-network-thread | producer-1] org.apache.kafka.clients.NetworkClient : [Producer clientId=producer-1] Error while fetching metadata with correlation id 5 : {basic-topic=LEADER_NOT_AVAILABLE}
2023-08-09 14:16:44,974 WARN  [kafka-producer-network-thread | producer-1] org.apache.kafka.clients.NetworkClient : [Producer clientId=producer-1] Error while fetching metadata with correlation id 6 : {basic-topic=LEADER_NOT_AVAILABLE}
2023-08-09 14:16:45,084 WARN  [kafka-producer-network-thread | producer-1] org.apache.kafka.clients.NetworkClient : [Producer clientId=producer-1] Error while fetching metadata with correlation id 7 : {basic-topic=LEADER_NOT_AVAILABLE}
2023-08-09 14:16:45,192 WARN  [kafka-producer-network-thread | producer-1] org.apache.kafka.clients.NetworkClient : [Producer clientId=producer-1] Error while fetching metadata with correlation id 8 : {basic-topic=LEADER_NOT_AVAILABLE}
2023-08-09 14:16:45,303 INFO  [kafka-producer-network-thread | producer-1] org.apache.kafka.clients.Metadata : [Producer clientId=producer-1] Resetting the last seen epoch of partition basic-topic-0 to 0 since the associated topicId changed from null to _dQXJljIRea8FCkOhv8_8Q
2023-08-09 14:16:45,320 INFO  [http-nio-8080-exec-5] com.example.javamarketdemo.service.GoodService : All goods showed
2023-08-09 14:18:02,316 INFO  [http-nio-8080-exec-9] org.springdoc.api.AbstractOpenApiResource : Init duration for springdoc-openapi is: 372 ms
2023-08-09 14:25:45,450 INFO  [kafka-producer-network-thread | producer-1] org.apache.kafka.clients.NetworkClient : [Producer clientId=producer-1] Node -1 disconnected.
2023-08-09 15:17:19,750 WARN  [HikariPool-1 housekeeper] com.zaxxer.hikari.pool.HikariPool : HikariPool-1 - Retrograde clock change detected (housekeeper delta=29s786ms), soft-evicting connections from pool.
2023-08-09 16:05:55,875 WARN  [HikariPool-1 housekeeper] com.zaxxer.hikari.pool.HikariPool : HikariPool-1 - Thread starvation or clock leap detected (housekeeper delta=4m5s825ms).
2023-08-09 16:58:23,085 INFO  [SpringApplicationShutdownHook] org.apache.kafka.clients.producer.KafkaProducer : [Producer clientId=producer-1] Closing the Kafka producer with timeoutMillis = 30000 ms.
2023-08-09 16:58:23,112 INFO  [SpringApplicationShutdownHook] org.apache.kafka.common.metrics.Metrics : Metrics scheduler closed
2023-08-09 16:58:23,112 INFO  [SpringApplicationShutdownHook] org.apache.kafka.common.metrics.Metrics : Closing reporter org.apache.kafka.common.metrics.JmxReporter
2023-08-09 16:58:23,113 INFO  [SpringApplicationShutdownHook] org.apache.kafka.common.metrics.Metrics : Metrics reporters closed
2023-08-09 16:58:23,119 INFO  [SpringApplicationShutdownHook] org.apache.kafka.common.utils.AppInfoParser : App info kafka.producer for producer-1 unregistered
2023-08-09 16:58:23,129 INFO  [SpringApplicationShutdownHook] org.springframework.orm.jpa.LocalContainerEntityManagerFactoryBean : Closing JPA EntityManagerFactory for persistence unit 'default'
2023-08-09 16:58:23,164 INFO  [SpringApplicationShutdownHook] com.zaxxer.hikari.HikariDataSource : HikariPool-1 - Shutdown initiated...
2023-08-09 16:58:23,173 INFO  [SpringApplicationShutdownHook] com.zaxxer.hikari.HikariDataSource : HikariPool-1 - Shutdown completed.
